Authorized using stored user info.
Exporting assets from Unity...
Launched Unity editor via "C:\Program Files\Unity\Hub\Editor\2021.3.24f1\Editor\Unity.exe"



[ Stage1 ] Assets exported from Unity and staged for further processing
Using C:/Windows/Fonts/arial.ttf file to generate an atlas for Arial[516] font
  Using alphabet  §1234567890-=qwertyuiop[]asdfghjkl;'\`zxcvbnm,./±!@#$%^&*()_+QWERTYUIOP{}ASDFGHJKL:"|~ZXCVBNM<>?
Combined 97 glyphs into bitmap texture at D:/ProjectUnity/PlayableAds/KitchenFever/kitchen/LunaTemp/stage1/tmp/fonts/Arial-516/output_0.png (59kb)
Found custom rules for sound Assets/Game/Sound/Background music.mp3
  {"channels":1,"startTime":"00:00.000","endTime":"00:30.000","lengthInSeconds":30,"bitrate":128,"script":"","ext":"","name":"Assets/Game/Sound/Background music.mp3","isOverride":true}
Found custom rules for sound Assets/Game/Sound/Fried shrimp.mp3
  {"channels":1,"startTime":"00:00.000","endTime":"00:30.000","lengthInSeconds":30,"bitrate":128,"script":"","ext":"","name":"Assets/Game/Sound/Fried shrimp.mp3","isOverride":true}
Resources:
{"unity.preloader.icon":"resources/unity.preloader.icon.png"}
[ Stage2 ] Assets postprocessed and bundled successfully
Diagnostics gathered successfully
Microsoft (R) Visual C# Compiler version 3.9.0-5.21120.8 (accdcb77)
Copyright (C) Microsoft Corporation. All rights reserved.


D:\ProjectUnity\PlayableAds\KitchenFever\kitchen\Assets\Game\Scripts\Movement\MoveByJoystick.cs(8,36): warning CS0649: Field 'MoveByJoystick.speed' is never assigned to, and will always have its default value 0

D:\ProjectUnity\PlayableAds\KitchenFever\kitchen\Assets\Game\Scripts\Customer\CustomerAnimator.cs(9,39): warning CS0649: Field 'CustomerAnimator.animator' is never assigned to, and will always have its default value null

D:\ProjectUnity\PlayableAds\KitchenFever\kitchen\Assets\Game\Scripts\Movement\MoveByJoystick.cs(10,39): warning CS0649: Field 'MoveByJoystick.variableJoystick' is never assigned to, and will always have its default value null
D:\ProjectUnity\PlayableAds\KitchenFever\kitchen\Assets\Game\Scripts\Movement\MoveByJoystick.cs(14,36): warning CS0649: Field 'MoveByJoystick.smoothRotation' is never assigned to, and will always have its default value 0
D:\ProjectUnity\PlayableAds\KitchenFever\kitchen\Assets\Game\Scripts\Movement\MoveByJoystick.cs(15,36): warning CS0649: Field 'MoveByJoystick.smoothMove' is never assigned to, and will always have its default value 0
D:\ProjectUnity\PlayableAds\KitchenFever\kitchen\Assets\Game\Scripts\Movement\MoveByJoystick.cs(13,40): warning CS0649: Field 'MoveByJoystick.transf' is never assigned to, and will always have its default value null
D:\ProjectUnity\PlayableAds\KitchenFever\kitchen\Assets\Game\Scripts\Movement\MoveByJoystick.cs(9,40): warning CS0649: Field 'MoveByJoystick.rb' is never assigned to, and will always have its default value null
D:\ProjectUnity\PlayableAds\KitchenFever\kitchen\Assets\Game\Scripts\Character\DetectPlaceComponent.cs(11,36): warning CS0649: Field 'DetectPlaceComponent.radius' is never assigned to, and will always have its default value 0
D:\ProjectUnity\PlayableAds\KitchenFever\kitchen\Assets\Game\Scripts\Camera\FollowPosition.cs(10,36): warning CS0649: Field 'FollowPosition.smooth' is never assigned to, and will always have its default value 0
D:\ProjectUnity\PlayableAds\KitchenFever\kitchen\Assets\Game\Scripts\DinnerTable\DinnerTableSlot.cs(10,39): warning CS0649: Field 'DinnerTableSlot.chair' is never assigned to, and will always have its default value null
D:\ProjectUnity\PlayableAds\KitchenFever\kitchen\Assets\Game\Scripts\Camera\FollowPosition.cs(9,40): warning CS0649: Field 'FollowPosition.target' is never assigned to, and will always have its default value null
D:\ProjectUnity\PlayableAds\KitchenFever\kitchen\Assets\Game\Scripts\Character\DetectPlaceComponent.cs(19,36): warning CS0649: Field 'DetectPlaceComponent.timeDelayDetect' is never assigned to, and will always have its default value 0
D:\ProjectUnity\PlayableAds\KitchenFever\kitchen\Assets\Game\Scripts\Tut\CharacterArrowTut.cs(8,40): warning CS0649: Field 'CharacterArrowTut.traf' is never assigned to, and will always have its default value null
D:\ProjectUnity\PlayableAds\KitchenFever\kitchen\Assets\Game\Scripts\DinnerTable\DinnerTableSlot.cs(8,39): warning CS0649: Field 'DinnerTableSlot.posStartChair' is never assigned to, and will always have its default value null
D:\ProjectUnity\PlayableAds\KitchenFever\kitchen\Assets\Game\Scripts\Camera\FollowPosition.cs(8,40): warning CS0649: Field 'FollowPosition.objFollow' is never assigned to, and will always have its default value null
D:\ProjectUnity\PlayableAds\KitchenFever\kitchen\Assets\Game\Scripts\DinnerTable\DinnerTableSlot.cs(9,39): warning CS0649: Field 'DinnerTableSlot.posEatingChair' is never assigned to, and will always have its default value null

Usercode compiled successfully!
MSBuild version 17.5.1+f6fdcf537 for .NET Framework

Build started 2023-05-11 6:29:56 PM.

Included response file: C:\Program Files (x86)\Microsoft Visual Studio\2022\BuildTools\MSBuild\Current\Bin\MSBuild.rsp



Project "C:\Users\VAD\Downloads\5.0.0\pipeline\templates\LunaCompiler\Scripts\Scripts.csproj" on node 1 (Rebuild target(s)).

CoreClean:
  Deleting file "C:\Users\VAD\Downloads\5.0.0\pipeline\templates\LunaCompiler\Scripts\bin\Debug\UnityScriptsCompiler.dll".

  Deleting file "C:\Users\VAD\Downloads\5.0.0\pipeline\templates\LunaCompiler\Scripts\bin\Debug\UnityScriptsCompiler.pdb".

  Deleting file "C:\Users\VAD\Downloads\5.0.0\pipeline\templates\LunaCompiler\Scripts\bin\Debug\Bridge.dll".

  Deleting file "C:\Users\VAD\Downloads\5.0.0\pipeline\templates\LunaCompiler\Scripts\bin\Debug\Bridge.Html5.dll".

  Deleting file "C:\Users\VAD\Downloads\5.0.0\pipeline\templates\LunaCompiler\Scripts\bin\Debug\Bridge.WebGL.dll".

  Deleting file "C:\Users\VAD\Downloads\5.0.0\pipeline\templates\LunaCompiler\Scripts\bin\Debug\DOTween.dll".

  Deleting file "C:\Users\VAD\Downloads\5.0.0\pipeline\templates\LunaCompiler\Scripts\bin\Debug\Newtonsoft.Json.dll".

  Deleting file "C:\Users\VAD\Downloads\5.0.0\pipeline\templates\LunaCompiler\Scripts\bin\Debug\Retyped.Core.dll".

  Deleting file "C:\Users\VAD\Downloads\5.0.0\pipeline\templates\LunaCompiler\Scripts\bin\Debug\Retyped.dom.dll".

  Deleting file "C:\Users\VAD\Downloads\5.0.0\pipeline\templates\LunaCompiler\Scripts\bin\Debug\Retyped.es5.dll".

  Deleting file "C:\Users\VAD\Downloads\5.0.0\pipeline\templates\LunaCompiler\Scripts\bin\Debug\Retyped.scripthost.dll".

  Deleting file "C:\Users\VAD\Downloads\5.0.0\pipeline\templates\LunaCompiler\Scripts\bin\Debug\TextMeshPro.dll".

  Deleting file "C:\Users\VAD\Downloads\5.0.0\pipeline\templates\LunaCompiler\Scripts\bin\Debug\UnityEngine.dll".

  Deleting file "C:\Users\VAD\Downloads\5.0.0\pipeline\templates\LunaCompiler\Scripts\bin\Debug\UnityEngine.UI.dll".

  Deleting file "C:\Users\VAD\Downloads\5.0.0\pipeline\templates\LunaCompiler\Scripts\bin\Debug\UnityEngine.UniversalRenderPipeline.dll".

  Deleting file "C:\Users\VAD\Downloads\5.0.0\pipeline\templates\LunaCompiler\Scripts\bin\Debug\Bridge.xml".

  Deleting file "C:\Users\VAD\Downloads\5.0.0\pipeline\templates\LunaCompiler\Scripts\bin\Debug\Bridge.Html5.xml".

  Deleting file "C:\Users\VAD\Downloads\5.0.0\pipeline\templates\LunaCompiler\Scripts\bin\Debug\Bridge.WebGL.xml".

  Deleting file "C:\Users\VAD\Downloads\5.0.0\pipeline\templates\LunaCompiler\Scripts\bin\Debug\Newtonsoft.Json.xml".

  Deleting file "C:\Users\VAD\Downloads\5.0.0\pipeline\templates\LunaCompiler\Scripts\bin\Debug\Retyped.Core.xml".

  Deleting file "C:\Users\VAD\Downloads\5.0.0\pipeline\templates\LunaCompiler\Scripts\bin\Debug\Retyped.dom.xml".

  Deleting file "C:\Users\VAD\Downloads\5.0.0\pipeline\templates\LunaCompiler\Scripts\bin\Debug\Retyped.es5.xml".

  Deleting file "C:\Users\VAD\Downloads\5.0.0\pipeline\templates\LunaCompiler\Scripts\bin\Debug\Retyped.scripthost.xml".

  Deleting file "C:\Users\VAD\Downloads\5.0.0\pipeline\templates\LunaCompiler\Scripts\obj\Debug\Scripts.csproj.AssemblyReference.cache".

  Deleting file "C:\Users\VAD\Downloads\5.0.0\pipeline\templates\LunaCompiler\Scripts\obj\Debug\Scripts.csproj.CoreCompileInputs.cache".

  Deleting file "C:\Users\VAD\Downloads\5.0.0\pipeline\templates\LunaCompiler\Scripts\obj\Debug\Scripts.csproj.CopyComplete".

  Deleting file "C:\Users\VAD\Downloads\5.0.0\pipeline\templates\LunaCompiler\Scripts\obj\Debug\UnityScriptsCompiler.dll".

  Deleting file "C:\Users\VAD\Downloads\5.0.0\pipeline\templates\LunaCompiler\Scripts\obj\Debug\UnityScriptsCompiler.pdb".

GenerateTargetFrameworkMonikerAttribute:
Skipping target "GenerateTargetFrameworkMonikerAttribute" because all output files are up-to-date with respect to the input files.

CoreCompile:

  C:\Program Files (x86)\Microsoft Visual Studio\2022\BuildTools\MSBuild\Current\Bin\Roslyn\csc.exe /noconfig /nowarn:CS0626,1701,1702 /fullpaths /nostdlib+ /errorreport:prompt /warn:4 /define:UNITY_LUNA;CSHARP_7_OR_LATER;CSHARP_7_3_OR_NEWER;UNITY_5_3_OR_NEWER;UNITY_5_4_OR_NEWER;UNITY_5_5_OR_NEWER;UNITY_2021;UNITY_2017_1_OR_NEWER;UNITY_2017_2_OR_NEWER;UNITY_2017_3_OR_NEWER;UNITY_2017_4_OR_NEWER;UNITY_2018_1_OR_NEWER;UNITY_2018_2_OR_NEWER;UNITY_2018_3_OR_NEWER;UNITY_2018_4_OR_NEWER;UNITY_2019_1_OR_NEWER;UNITY_2019_2_OR_NEWER;UNITY_2019_3_OR_NEWER;UNITY_2019_4_OR_NEWER;UNITY_2020_1_OR_NEWER;UNITY_2020_2_OR_NEWER;UNITY_2020_3_OR_NEWER;UNITY_2021_1_OR_NEWER;UNITY_2021_2_OR_NEWER;UNITY_2021_3_OR_NEWER;UNITY_2021_3;UNITY_2021_3_24 /highentropyva+ /reference:C:\Users\VAD\Downloads\5.0.0\pipeline\templates\LunaCompiler\packages\Bridge.Core.17.9.30-luna\lib\net40\Bridge.dll /reference:C:\Users\VAD\Downloads\5.0.0\pipeline\templates\LunaCompiler\packages\Bridge.Html5.17.9.0\lib\net40\Bridge.Html5.dll /reference:C:\Users\VAD\Downloads\5.0.0\pipeline\templates\LunaCompiler\packages\Bridge.WebGL.1.22.0\lib\net40\Bridge.WebGL.dll /reference:C:\Users\VAD\Downloads\5.0.0\pipeline\templates\LunaCompiler\packages\DOTween.1.2.705\lib\net40\DOTween.dll /reference:C:\Users\VAD\Downloads\5.0.0\pipeline\templates\LunaCompiler\packages\Bridge.Newtonsoft.Json.1.16.0\lib\net40\Newtonsoft.Json.dll /reference:C:\Users\VAD\Downloads\5.0.0\pipeline\templates\LunaCompiler\packages\Retyped.Core.1.6.6733\lib\net40\Retyped.Core.dll /reference:C:\Users\VAD\Downloads\5.0.0\pipeline\templates\LunaCompiler\packages\Retyped.dom.2.8.6733\lib\net40\Retyped.dom.dll /reference:C:\Users\VAD\Downloads\5.0.0\pipeline\templates\LunaCompiler\packages\Retyped.es5.2.8.6733\lib\net40\Retyped.es5.dll /reference:C:\Users\VAD\Downloads\5.0.0\pipeline\templates\LunaCompiler\packages\Retyped.scripthost.2.8.6733\lib\net40\Retyped.scripthost.dll /reference:C:\Users\VAD\Downloads\5.0.0\pipeline\templates\LunaCompiler\packages\com.unity.textmeshpro\3.0.6\TextMeshPro.dll /reference:C:\Users\VAD\Downloads\5.0.0\pipeline\templates\LunaCompiler\Scripts\Vendor\UnityEngine.dll /reference:C:\Users\VAD\Downloads\5.0.0\pipeline\templates\LunaCompiler\packages\com.unity.ui\1.2.1\UnityEngine.UI.dll /reference:C:\Users\VAD\Downloads\5.0.0\pipeline\templates\LunaCompiler\packages\com.unity.urp\7.6\UnityEngine.UniversalRenderPipeline.dll /debug+ /debug:full /optimize- /out:obj\Debug\UnityScriptsCompiler.dll /subsystemversion:6.00 /target:library /utf8output /langversion:7.2 Sources\decompiled\AxisOptions.cs Sources\decompiled\CashierTable.cs Sources\decompiled\CharacterAnimator.cs Sources\decompiled\CharacterArrowTut.cs Sources\decompiled\CharacterBehaviour.cs Sources\decompiled\CollectObjectPlace.cs Sources\decompiled\CustomerAnimator.cs Sources\decompiled\CustomerController.cs Sources\decompiled\DetectPlaceComponent.cs Sources\decompiled\DG\Tweening\DOTweenCYInstruction.cs Sources\decompiled\DG\Tweening\DOTweenModuleAudio.cs Sources\decompiled\DG\Tweening\DOTweenModulePhysics.cs Sources\decompiled\DG\Tweening\DOTweenModulePhysics2D.cs Sources\decompiled\DG\Tweening\DOTweenModuleSprite.cs Sources\decompiled\DG\Tweening\DOTweenModuleUI.cs Sources\decompiled\DG\Tweening\DOTweenModuleUnityVersion.cs Sources\decompiled\DG\Tweening\DOTweenModuleUtils.cs Sources\decompiled\DinnerTable.cs Sources\decompiled\DinnerTableSlot.cs Sources\decompiled\DynamicJoystick.cs Sources\decompiled\FixedJoystick.cs Sources\decompiled\FloatingJoystick.cs Sources\decompiled\FollowPosition.cs Sources\decompiled\InstallPlace.cs Sources\decompiled\IPlaceInteractable.cs Sources\decompiled\Joystick.cs Sources\decompiled\JoystickPlayerExample.cs Sources\decompiled\JoystickSetterExample.cs Sources\decompiled\JoystickType.cs Sources\decompiled\KitchenPlace.cs Sources\decompiled\MoveByJoystick.cs Sources\decompiled\MoveByPath.cs Sources\decompiled\PickupPlace.cs Sources\decompiled\Properties\AssemblyInfo.cs Sources\decompiled\StackControl.cs Sources\decompiled\StackObject.cs Sources\decompiled\TutController.cs Sources\decompiled\VariableJoystick.cs Sources\OtherDummyScript.cs "obj\Debug\.NETFramework,Version=v4.7.AssemblyAttributes.cs"

C:\Users\VAD\Downloads\5.0.0\pipeline\templates\LunaCompiler\Scripts\Sources\decompiled\FollowPosition.cs(6,20): warning CS0649: Field 'FollowPosition.objFollow' is never assigned to, and will always have its default value null [C:\Users\VAD\Downloads\5.0.0\pipeline\templates\LunaCompiler\Scripts\Scripts.csproj]

C:\Users\VAD\Downloads\5.0.0\pipeline\templates\LunaCompiler\Scripts\Sources\decompiled\MoveByJoystick.cs(12,19): warning CS0649: Field 'MoveByJoystick.variableJoystick' is never assigned to, and will always have its default value null [C:\Users\VAD\Downloads\5.0.0\pipeline\templates\LunaCompiler\Scripts\Scripts.csproj]
C:\Users\VAD\Downloads\5.0.0\pipeline\templates\LunaCompiler\Scripts\Sources\decompiled\FollowPosition.cs(9,20): warning CS0649: Field 'FollowPosition.target' is never assigned to, and will always have its default value null [C:\Users\VAD\Downloads\5.0.0\pipeline\templates\LunaCompiler\Scripts\Scripts.csproj]

C:\Users\VAD\Downloads\5.0.0\pipeline\templates\LunaCompiler\Scripts\Sources\decompiled\DinnerTableSlot.cs(15,20): warning CS0649: Field 'DinnerTableSlot.chair' is never assigned to, and will always have its default value null [C:\Users\VAD\Downloads\5.0.0\pipeline\templates\LunaCompiler\Scripts\Scripts.csproj]
C:\Users\VAD\Downloads\5.0.0\pipeline\templates\LunaCompiler\Scripts\Sources\decompiled\MoveByJoystick.cs(19,20): warning CS0649: Field 'MoveByJoystick.transf' is never assigned to, and will always have its default value null [C:\Users\VAD\Downloads\5.0.0\pipeline\templates\LunaCompiler\Scripts\Scripts.csproj]

C:\Users\VAD\Downloads\5.0.0\pipeline\templates\LunaCompiler\Scripts\Sources\decompiled\MoveByJoystick.cs(22,16): warning CS0649: Field 'MoveByJoystick.smoothRotation' is never assigned to, and will always have its default value 0 [C:\Users\VAD\Downloads\5.0.0\pipeline\templates\LunaCompiler\Scripts\Scripts.csproj]

C:\Users\VAD\Downloads\5.0.0\pipeline\templates\LunaCompiler\Scripts\Sources\decompiled\CharacterArrowTut.cs(6,20): warning CS0649: Field 'CharacterArrowTut.traf' is never assigned to, and will always have its default value null [C:\Users\VAD\Downloads\5.0.0\pipeline\templates\LunaCompiler\Scripts\Scripts.csproj]

C:\Users\VAD\Downloads\5.0.0\pipeline\templates\LunaCompiler\Scripts\Sources\decompiled\DinnerTableSlot.cs(12,20): warning CS0649: Field 'DinnerTableSlot.posEatingChair' is never assigned to, and will always have its default value null [C:\Users\VAD\Downloads\5.0.0\pipeline\templates\LunaCompiler\Scripts\Scripts.csproj]

C:\Users\VAD\Downloads\5.0.0\pipeline\templates\LunaCompiler\Scripts\Sources\decompiled\MoveByJoystick.cs(25,16): warning CS0649: Field 'MoveByJoystick.smoothMove' is never assigned to, and will always have its default value 0 [C:\Users\VAD\Downloads\5.0.0\pipeline\templates\LunaCompiler\Scripts\Scripts.csproj]

C:\Users\VAD\Downloads\5.0.0\pipeline\templates\LunaCompiler\Scripts\Sources\decompiled\DetectPlaceComponent.cs(15,16): warning CS0649: Field 'DetectPlaceComponent.radius' is never assigned to, and will always have its default value 0 [C:\Users\VAD\Downloads\5.0.0\pipeline\templates\LunaCompiler\Scripts\Scripts.csproj]

C:\Users\VAD\Downloads\5.0.0\pipeline\templates\LunaCompiler\Scripts\Sources\decompiled\DetectPlaceComponent.cs(28,16): warning CS0649: Field 'DetectPlaceComponent.timeDelayDetect' is never assigned to, and will always have its default value 0 [C:\Users\VAD\Downloads\5.0.0\pipeline\templates\LunaCompiler\Scripts\Scripts.csproj]

C:\Users\VAD\Downloads\5.0.0\pipeline\templates\LunaCompiler\Scripts\Sources\decompiled\MoveByJoystick.cs(9,20): warning CS0649: Field 'MoveByJoystick.rb' is never assigned to, and will always have its default value null [C:\Users\VAD\Downloads\5.0.0\pipeline\templates\LunaCompiler\Scripts\Scripts.csproj]

C:\Users\VAD\Downloads\5.0.0\pipeline\templates\LunaCompiler\Scripts\Sources\decompiled\CustomerAnimator.cs(6,19): warning CS0649: Field 'CustomerAnimator.animator' is never assigned to, and will always have its default value null [C:\Users\VAD\Downloads\5.0.0\pipeline\templates\LunaCompiler\Scripts\Scripts.csproj]
C:\Users\VAD\Downloads\5.0.0\pipeline\templates\LunaCompiler\Scripts\Sources\decompiled\MoveByJoystick.cs(6,16): warning CS0649: Field 'MoveByJoystick.speed' is never assigned to, and will always have its default value 0 [C:\Users\VAD\Downloads\5.0.0\pipeline\templates\LunaCompiler\Scripts\Scripts.csproj]

C:\Users\VAD\Downloads\5.0.0\pipeline\templates\LunaCompiler\Scripts\Sources\decompiled\DinnerTableSlot.cs(9,20): warning CS0649: Field 'DinnerTableSlot.posStartChair' is never assigned to, and will always have its default value null [C:\Users\VAD\Downloads\5.0.0\pipeline\templates\LunaCompiler\Scripts\Scripts.csproj]

C:\Users\VAD\Downloads\5.0.0\pipeline\templates\LunaCompiler\Scripts\Sources\decompiled\FollowPosition.cs(12,16): warning CS0649: Field 'FollowPosition.smooth' is never assigned to, and will always have its default value 0 [C:\Users\VAD\Downloads\5.0.0\pipeline\templates\LunaCompiler\Scripts\Scripts.csproj]

  CompilerServer: server - server processed compilation - d10a296a-ef12-4f9c-a7da-290ee335059c

_CopyFilesMarkedCopyLocal:

  Copying file from "C:\Users\VAD\Downloads\5.0.0\pipeline\templates\LunaCompiler\packages\DOTween.1.2.705\lib\net40\DOTween.dll" to "C:\Users\VAD\Downloads\5.0.0\pipeline\templates\LunaCompiler\Scripts\bin\Debug\DOTween.dll".

  Copying file from "C:\Users\VAD\Downloads\5.0.0\pipeline\templates\LunaCompiler\packages\Bridge.Newtonsoft.Json.1.16.0\lib\net40\Newtonsoft.Json.dll" to "C:\Users\VAD\Downloads\5.0.0\pipeline\templates\LunaCompiler\Scripts\bin\Debug\Newtonsoft.Json.dll".

  Copying file from "C:\Users\VAD\Downloads\5.0.0\pipeline\templates\LunaCompiler\packages\Bridge.Core.17.9.30-luna\lib\net40\Bridge.dll" to "C:\Users\VAD\Downloads\5.0.0\pipeline\templates\LunaCompiler\Scripts\bin\Debug\Bridge.dll".

  Copying file from "C:\Users\VAD\Downloads\5.0.0\pipeline\templates\LunaCompiler\packages\Bridge.Html5.17.9.0\lib\net40\Bridge.Html5.dll" to "C:\Users\VAD\Downloads\5.0.0\pipeline\templates\LunaCompiler\Scripts\bin\Debug\Bridge.Html5.dll".

  Copying file from "C:\Users\VAD\Downloads\5.0.0\pipeline\templates\LunaCompiler\packages\Retyped.Core.1.6.6733\lib\net40\Retyped.Core.dll" to "C:\Users\VAD\Downloads\5.0.0\pipeline\templates\LunaCompiler\Scripts\bin\Debug\Retyped.Core.dll".

  Copying file from "C:\Users\VAD\Downloads\5.0.0\pipeline\templates\LunaCompiler\packages\Bridge.WebGL.1.22.0\lib\net40\Bridge.WebGL.dll" to "C:\Users\VAD\Downloads\5.0.0\pipeline\templates\LunaCompiler\Scripts\bin\Debug\Bridge.WebGL.dll".

  Copying file from "C:\Users\VAD\Downloads\5.0.0\pipeline\templates\LunaCompiler\packages\Retyped.dom.2.8.6733\lib\net40\Retyped.dom.dll" to "C:\Users\VAD\Downloads\5.0.0\pipeline\templates\LunaCompiler\Scripts\bin\Debug\Retyped.dom.dll".

  Copying file from "C:\Users\VAD\Downloads\5.0.0\pipeline\templates\LunaCompiler\packages\Retyped.es5.2.8.6733\lib\net40\Retyped.es5.dll" to "C:\Users\VAD\Downloads\5.0.0\pipeline\templates\LunaCompiler\Scripts\bin\Debug\Retyped.es5.dll".

  Copying file from "C:\Users\VAD\Downloads\5.0.0\pipeline\templates\LunaCompiler\packages\Retyped.scripthost.2.8.6733\lib\net40\Retyped.scripthost.dll" to "C:\Users\VAD\Downloads\5.0.0\pipeline\templates\LunaCompiler\Scripts\bin\Debug\Retyped.scripthost.dll".

  Copying file from "C:\Users\VAD\Downloads\5.0.0\pipeline\templates\LunaCompiler\packages\com.unity.textmeshpro\3.0.6\TextMeshPro.dll" to "C:\Users\VAD\Downloads\5.0.0\pipeline\templates\LunaCompiler\Scripts\bin\Debug\TextMeshPro.dll".

  Copying file from "C:\Users\VAD\Downloads\5.0.0\pipeline\templates\LunaCompiler\Scripts\Vendor\UnityEngine.dll" to "C:\Users\VAD\Downloads\5.0.0\pipeline\templates\LunaCompiler\Scripts\bin\Debug\UnityEngine.dll".

  Copying file from "C:\Users\VAD\Downloads\5.0.0\pipeline\templates\LunaCompiler\packages\com.unity.ui\1.2.1\UnityEngine.UI.dll" to "C:\Users\VAD\Downloads\5.0.0\pipeline\templates\LunaCompiler\Scripts\bin\Debug\UnityEngine.UI.dll".

  Copying file from "C:\Users\VAD\Downloads\5.0.0\pipeline\templates\LunaCompiler\packages\com.unity.urp\7.6\UnityEngine.UniversalRenderPipeline.dll" to "C:\Users\VAD\Downloads\5.0.0\pipeline\templates\LunaCompiler\Scripts\bin\Debug\UnityEngine.UniversalRenderPipeline.dll".

  Copying file from "C:\Users\VAD\Downloads\5.0.0\pipeline\templates\LunaCompiler\packages\Bridge.Html5.17.9.0\lib\net40\Bridge.Html5.xml" to "C:\Users\VAD\Downloads\5.0.0\pipeline\templates\LunaCompiler\Scripts\bin\Debug\Bridge.Html5.xml".
  Copying file from "C:\Users\VAD\Downloads\5.0.0\pipeline\templates\LunaCompiler\packages\Bridge.WebGL.1.22.0\lib\net40\Bridge.WebGL.xml" to "C:\Users\VAD\Downloads\5.0.0\pipeline\templates\LunaCompiler\Scripts\bin\Debug\Bridge.WebGL.xml".

  Copying file from "C:\Users\VAD\Downloads\5.0.0\pipeline\templates\LunaCompiler\packages\Bridge.Core.17.9.30-luna\lib\net40\Bridge.xml" to "C:\Users\VAD\Downloads\5.0.0\pipeline\templates\LunaCompiler\Scripts\bin\Debug\Bridge.xml".

  Copying file from "C:\Users\VAD\Downloads\5.0.0\pipeline\templates\LunaCompiler\packages\Bridge.Newtonsoft.Json.1.16.0\lib\net40\Newtonsoft.Json.xml" to "C:\Users\VAD\Downloads\5.0.0\pipeline\templates\LunaCompiler\Scripts\bin\Debug\Newtonsoft.Json.xml".

  Copying file from "C:\Users\VAD\Downloads\5.0.0\pipeline\templates\LunaCompiler\packages\Retyped.Core.1.6.6733\lib\net40\Retyped.Core.xml" to "C:\Users\VAD\Downloads\5.0.0\pipeline\templates\LunaCompiler\Scripts\bin\Debug\Retyped.Core.xml".

  Copying file from "C:\Users\VAD\Downloads\5.0.0\pipeline\templates\LunaCompiler\packages\Retyped.dom.2.8.6733\lib\net40\Retyped.dom.xml" to "C:\Users\VAD\Downloads\5.0.0\pipeline\templates\LunaCompiler\Scripts\bin\Debug\Retyped.dom.xml".

  Copying file from "C:\Users\VAD\Downloads\5.0.0\pipeline\templates\LunaCompiler\packages\Retyped.es5.2.8.6733\lib\net40\Retyped.es5.xml" to "C:\Users\VAD\Downloads\5.0.0\pipeline\templates\LunaCompiler\Scripts\bin\Debug\Retyped.es5.xml".

  Copying file from "C:\Users\VAD\Downloads\5.0.0\pipeline\templates\LunaCompiler\packages\Retyped.scripthost.2.8.6733\lib\net40\Retyped.scripthost.xml" to "C:\Users\VAD\Downloads\5.0.0\pipeline\templates\LunaCompiler\Scripts\bin\Debug\Retyped.scripthost.xml".

  Creating "C:\Users\VAD\Downloads\5.0.0\pipeline\templates\LunaCompiler\Scripts\obj\Debug\Scripts.csproj.CopyComplete" because "AlwaysCreate" was specified.

CopyFilesToOutputDirectory:
  Copying file from "C:\Users\VAD\Downloads\5.0.0\pipeline\templates\LunaCompiler\Scripts\obj\Debug\UnityScriptsCompiler.dll" to "C:\Users\VAD\Downloads\5.0.0\pipeline\templates\LunaCompiler\Scripts\bin\Debug\UnityScriptsCompiler.dll".

  Scripts -> C:\Users\VAD\Downloads\5.0.0\pipeline\templates\LunaCompiler\Scripts\bin\Debug\UnityScriptsCompiler.dll

  Copying file from "C:\Users\VAD\Downloads\5.0.0\pipeline\templates\LunaCompiler\Scripts\obj\Debug\UnityScriptsCompiler.pdb" to "C:\Users\VAD\Downloads\5.0.0\pipeline\templates\LunaCompiler\Scripts\bin\Debug\UnityScriptsCompiler.pdb".

BridgeNetCompilerTask:
  Bridge started

      To enable detailed logging, configure "logging" in bridge.json.

      https://github.com/bridgedotnet/Bridge/wiki/global-configuration#logging

  Bridge done

Done Building Project "C:\Users\VAD\Downloads\5.0.0\pipeline\templates\LunaCompiler\Scripts\Scripts.csproj" (Rebuild target(s)).


Build succeeded.



"C:\Users\VAD\Downloads\5.0.0\pipeline\templates\LunaCompiler\Scripts\Scripts.csproj" (Rebuild target) (1) ->
(CoreCompile target) -> 
  C:\Users\VAD\Downloads\5.0.0\pipeline\templates\LunaCompiler\Scripts\Sources\decompiled\FollowPosition.cs(6,20): warning CS0649: Field 'FollowPosition.objFollow' is never assigned to, and will always have its default value null [C:\Users\VAD\Downloads\5.0.0\pipeline\templates\LunaCompiler\Scripts\Scripts.csproj]
  C:\Users\VAD\Downloads\5.0.0\pipeline\templates\LunaCompiler\Scripts\Sources\decompiled\MoveByJoystick.cs(12,19): warning CS0649: Field 'MoveByJoystick.variableJoystick' is never assigned to, and will always have its default value null [C:\Users\VAD\Downloads\5.0.0\pipeline\templates\LunaCompiler\Scripts\Scripts.csproj]
  C:\Users\VAD\Downloads\5.0.0\pipeline\templates\LunaCompiler\Scripts\Sources\decompiled\FollowPosition.cs(9,20): warning CS0649: Field 'FollowPosition.target' is never assigned to, and will always have its default value null [C:\Users\VAD\Downloads\5.0.0\pipeline\templates\LunaCompiler\Scripts\Scripts.csproj]
  C:\Users\VAD\Downloads\5.0.0\pipeline\templates\LunaCompiler\Scripts\Sources\decompiled\DinnerTableSlot.cs(15,20): warning CS0649: Field 'DinnerTableSlot.chair' is never assigned to, and will always have its default value null [C:\Users\VAD\Downloads\5.0.0\pipeline\templates\LunaCompiler\Scripts\Scripts.csproj]
  C:\Users\VAD\Downloads\5.0.0\pipeline\templates\LunaCompiler\Scripts\Sources\decompiled\MoveByJoystick.cs(19,20): warning CS0649: Field 'MoveByJoystick.transf' is never assigned to, and will always have its default value null [C:\Users\VAD\Downloads\5.0.0\pipeline\templates\LunaCompiler\Scripts\Scripts.csproj]
  C:\Users\VAD\Downloads\5.0.0\pipeline\templates\LunaCompiler\Scripts\Sources\decompiled\MoveByJoystick.cs(22,16): warning CS0649: Field 'MoveByJoystick.smoothRotation' is never assigned to, and will always have its default value 0 [C:\Users\VAD\Downloads\5.0.0\pipeline\templates\LunaCompiler\Scripts\Scripts.csproj]
  C:\Users\VAD\Downloads\5.0.0\pipeline\templates\LunaCompiler\Scripts\Sources\decompiled\CharacterArrowTut.cs(6,20): warning CS0649: Field 'CharacterArrowTut.traf' is never assigned to, and will always have its default value null [C:\Users\VAD\Downloads\5.0.0\pipeline\templates\LunaCompiler\Scripts\Scripts.csproj]
  C:\Users\VAD\Downloads\5.0.0\pipeline\templates\LunaCompiler\Scripts\Sources\decompiled\DinnerTableSlot.cs(12,20): warning CS0649: Field 'DinnerTableSlot.posEatingChair' is never assigned to, and will always have its default value null [C:\Users\VAD\Downloads\5.0.0\pipeline\templates\LunaCompiler\Scripts\Scripts.csproj]
  C:\Users\VAD\Downloads\5.0.0\pipeline\templates\LunaCompiler\Scripts\Sources\decompiled\MoveByJoystick.cs(25,16): warning CS0649: Field 'MoveByJoystick.smoothMove' is never assigned to, and will always have its default value 0 [C:\Users\VAD\Downloads\5.0.0\pipeline\templates\LunaCompiler\Scripts\Scripts.csproj]
  C:\Users\VAD\Downloads\5.0.0\pipeline\templates\LunaCompiler\Scripts\Sources\decompiled\DetectPlaceComponent.cs(15,16): warning CS0649: Field 'DetectPlaceComponent.radius' is never assigned to, and will always have its default value 0 [C:\Users\VAD\Downloads\5.0.0\pipeline\templates\LunaCompiler\Scripts\Scripts.csproj]

  C:\Users\VAD\Downloads\5.0.0\pipeline\templates\LunaCompiler\Scripts\Sources\decompiled\DetectPlaceComponent.cs(28,16): warning CS0649: Field 'DetectPlaceComponent.timeDelayDetect' is never assigned to, and will always have its default value 0 [C:\Users\VAD\Downloads\5.0.0\pipeline\templates\LunaCompiler\Scripts\Scripts.csproj]
  C:\Users\VAD\Downloads\5.0.0\pipeline\templates\LunaCompiler\Scripts\Sources\decompiled\MoveByJoystick.cs(9,20): warning CS0649: Field 'MoveByJoystick.rb' is never assigned to, and will always have its default value null [C:\Users\VAD\Downloads\5.0.0\pipeline\templates\LunaCompiler\Scripts\Scripts.csproj]
  C:\Users\VAD\Downloads\5.0.0\pipeline\templates\LunaCompiler\Scripts\Sources\decompiled\CustomerAnimator.cs(6,19): warning CS0649: Field 'CustomerAnimator.animator' is never assigned to, and will always have its default value null [C:\Users\VAD\Downloads\5.0.0\pipeline\templates\LunaCompiler\Scripts\Scripts.csproj]
  C:\Users\VAD\Downloads\5.0.0\pipeline\templates\LunaCompiler\Scripts\Sources\decompiled\MoveByJoystick.cs(6,16): warning CS0649: Field 'MoveByJoystick.speed' is never assigned to, and will always have its default value 0 [C:\Users\VAD\Downloads\5.0.0\pipeline\templates\LunaCompiler\Scripts\Scripts.csproj]
  C:\Users\VAD\Downloads\5.0.0\pipeline\templates\LunaCompiler\Scripts\Sources\decompiled\DinnerTableSlot.cs(9,20): warning CS0649: Field 'DinnerTableSlot.posStartChair' is never assigned to, and will always have its default value null [C:\Users\VAD\Downloads\5.0.0\pipeline\templates\LunaCompiler\Scripts\Scripts.csproj]
  C:\Users\VAD\Downloads\5.0.0\pipeline\templates\LunaCompiler\Scripts\Sources\decompiled\FollowPosition.cs(12,16): warning CS0649: Field 'FollowPosition.smooth' is never assigned to, and will always have its default value 0 [C:\Users\VAD\Downloads\5.0.0\pipeline\templates\LunaCompiler\Scripts\Scripts.csproj]

    16 Warning(s)

    0 Error(s)

Time Elapsed 00:00:07.22

Compilation Stage 2 compiled successfully!
Diagnostics gathered successfully
code-v2:build complete successfully!
[ Stage3 ] Code compiled and bundled successfully.
[ Stage4 ] Target platform: playground
[ Stage4 ] Package bundled successfully
navigateto:https://assets-lunalabs-io.s3.us-east-2.amazonaws.com/uploads%2Fdirect%2Fb0f9f2bc55f106963ccd213bdf2acdfa%2Fkitchen-tempura_build.zip
[ Stage4 ] Package uploaded successfully
